2023-02-23 17:35:26.654 INFO  [restartedMain] b.c.r.d.DenunciaApplication - Starting DenunciaApplication using Java 11.0.17 on yuriidiiego with PID 33077 (/home/yuri/Yuri Nascimento/projects/processos-seletivos/run2biz/project/target/classes started by yuri in /home/yuri/Yuri Nascimento/projects/processos-seletivos/run2biz/project)
2023-02-23 17:35:26.654 DEBUG [restartedMain] b.c.r.d.DenunciaApplication - Running with Spring Boot v2.7.8, Spring v5.3.25
2023-02-23 17:35:26.654 INFO  [restartedMain] b.c.r.d.DenunciaApplication - No active profile set, falling back to 1 default profile: "default"
2023-02-23 17:35:26.973 INFO  [restartedMain] o.s.d.r.c.RepositoryConfigurationDelegate - Bootstrapping Spring Data JPA repositories in DEFAULT mode.
2023-02-23 17:35:27.004 INFO  [restartedMain] o.s.d.r.c.RepositoryConfigurationDelegate - Finished Spring Data repository scanning in 30 ms. Found 3 JPA repository interfaces.
2023-02-23 17:35:27.159 INFO  [restartedMain] o.s.b.w.e.t.TomcatWebServer - Tomcat initialized with port(s): 8080 (http)
2023-02-23 17:35:27.161 INFO  [restartedMain] o.a.c.c.StandardService - Starting service [Tomcat]
2023-02-23 17:35:27.161 INFO  [restartedMain] o.a.c.c.StandardEngine - Starting Servlet engine: [Apache Tomcat/9.0.71]
2023-02-23 17:35:27.174 INFO  [restartedMain] o.a.c.c.C.[.[.[/] - Initializing Spring embedded WebApplicationContext
2023-02-23 17:35:27.174 INFO  [restartedMain] o.s.b.w.s.c.ServletWebServerApplicationContext - Root WebApplicationContext: initialization completed in 517 ms
2023-02-23 17:35:27.208 INFO  [restartedMain] c.z.h.HikariDataSource - HikariPool-3 - Starting...
2023-02-23 17:35:27.213 INFO  [restartedMain] c.z.h.HikariDataSource - HikariPool-3 - Start completed.
2023-02-23 17:35:27.214 INFO  [restartedMain] o.s.b.a.h.H2ConsoleAutoConfiguration - H2 console available at '/h2-console'. Database available at 'jdbc:h2:mem:8a24750e-1bbe-4d3c-a2ec-7691a5f4932a'
2023-02-23 17:35:27.263 INFO  [restartedMain] o.h.j.i.u.LogHelper - HHH000204: Processing PersistenceUnitInfo [name: default]
2023-02-23 17:35:27.273 INFO  [restartedMain] o.h.d.Dialect - HHH000400: Using dialect: org.hibernate.dialect.H2Dialect
2023-02-23 17:35:27.389 INFO  [restartedMain] o.h.e.t.j.p.i.JtaPlatformInitiator - HHH000490: Using JtaPlatform implementation: [org.hibernate.engine.transaction.jta.platform.internal.NoJtaPlatform]
2023-02-23 17:35:27.389 INFO  [restartedMain] o.s.o.j.LocalContainerEntityManagerFactoryBean - Initialized JPA EntityManagerFactory for persistence unit 'default'
2023-02-23 17:35:27.545 WARN  [restartedMain] o.s.b.a.o.j.JpaBaseConfiguration$JpaWebConfiguration - spring.jpa.open-in-view is enabled by default. Therefore, database queries may be performed during view rendering. Explicitly configure spring.jpa.open-in-view to disable this warning
2023-02-23 17:35:27.855 INFO  [restartedMain] o.s.b.d.a.OptionalLiveReloadServer - LiveReload server is running on port 35729
2023-02-23 17:35:27.870 INFO  [restartedMain] o.s.b.w.e.t.TomcatWebServer - Tomcat started on port(s): 8080 (http) with context path ''
2023-02-23 17:35:27.877 INFO  [restartedMain] b.c.r.d.DenunciaApplication - Started DenunciaApplication in 1.29 seconds (JVM running for 106.571)
2023-02-23 17:35:27.882 INFO  [restartedMain] o.s.b.d.a.ConditionEvaluationDeltaLoggingListener - Condition evaluation unchanged
2023-02-23 17:35:28.509 INFO  [SpringApplicationShutdownHook] o.s.o.j.LocalContainerEntityManagerFactoryBean - Closing JPA EntityManagerFactory for persistence unit 'default'
2023-02-23 17:35:28.712 WARN  [SpringApplicationShutdownHook] o.s.b.f.s.DisposableBeanAdapter - Invocation of destroy method failed on bean with name 'inMemoryDatabaseShutdownExecutor': org.h2.jdbc.JdbcSQLNonTransientConnectionException: Database is already closed (to disable automatic closing at VM shutdown, add ";DB_CLOSE_ON_EXIT=FALSE" to the db URL) [90121-214]
2023-02-23 17:35:28.712 INFO  [SpringApplicationShutdownHook] c.z.h.HikariDataSource - HikariPool-3 - Shutdown initiated...
2023-02-23 17:35:28.714 INFO  [SpringApplicationShutdownHook] c.z.h.HikariDataSource - HikariPool-3 - Shutdown completed.
2023-02-23 17:36:04.274 INFO  [restartedMain] b.c.r.d.DenunciaApplication - Starting DenunciaApplication using Java 11.0.17 on yuriidiiego with PID 35481 (/home/yuri/Yuri Nascimento/projects/processos-seletivos/run2biz/project/target/classes started by yuri in /home/yuri/Yuri Nascimento/projects/processos-seletivos/run2biz/project)
2023-02-23 17:36:04.275 DEBUG [restartedMain] b.c.r.d.DenunciaApplication - Running with Spring Boot v2.7.8, Spring v5.3.25
2023-02-23 17:36:04.276 INFO  [restartedMain] b.c.r.d.DenunciaApplication - No active profile set, falling back to 1 default profile: "default"
2023-02-23 17:36:04.310 INFO  [restartedMain] o.s.b.d.e.DevToolsPropertyDefaultsPostProcessor - Devtools property defaults active! Set 'spring.devtools.add-properties' to 'false' to disable
2023-02-23 17:36:04.311 INFO  [restartedMain] o.s.b.d.e.DevToolsPropertyDefaultsPostProcessor - For additional web related logging consider setting the 'logging.level.web' property to 'DEBUG'
2023-02-23 17:36:04.825 INFO  [restartedMain] o.s.d.r.c.RepositoryConfigurationDelegate - Bootstrapping Spring Data JPA repositories in DEFAULT mode.
2023-02-23 17:36:04.861 INFO  [restartedMain] o.s.d.r.c.RepositoryConfigurationDelegate - Finished Spring Data repository scanning in 31 ms. Found 3 JPA repository interfaces.
2023-02-23 17:36:05.225 INFO  [restartedMain] o.s.b.w.e.t.TomcatWebServer - Tomcat initialized with port(s): 8080 (http)
2023-02-23 17:36:05.232 INFO  [restartedMain] o.a.c.c.StandardService - Starting service [Tomcat]
2023-02-23 17:36:05.232 INFO  [restartedMain] o.a.c.c.StandardEngine - Starting Servlet engine: [Apache Tomcat/9.0.71]
2023-02-23 17:36:05.271 INFO  [restartedMain] o.a.c.c.C.[.[.[/] - Initializing Spring embedded WebApplicationContext
2023-02-23 17:36:05.272 INFO  [restartedMain] o.s.b.w.s.c.ServletWebServerApplicationContext - Root WebApplicationContext: initialization completed in 960 ms
2023-02-23 17:36:05.297 INFO  [restartedMain] c.z.h.HikariDataSource - HikariPool-1 - Starting...
2023-02-23 17:36:05.383 INFO  [restartedMain] c.z.h.HikariDataSource - HikariPool-1 - Start completed.
2023-02-23 17:36:05.392 INFO  [restartedMain] o.s.b.a.h.H2ConsoleAutoConfiguration - H2 console available at '/h2-console'. Database available at 'jdbc:h2:mem:94b6e0cb-2100-41fe-b8ff-8aaf8919f286'
2023-02-23 17:36:05.460 INFO  [restartedMain] o.h.j.i.u.LogHelper - HHH000204: Processing PersistenceUnitInfo [name: default]
2023-02-23 17:36:05.481 INFO  [restartedMain] o.h.Version - HHH000412: Hibernate ORM core version 5.6.14.Final
2023-02-23 17:36:05.556 INFO  [restartedMain] o.h.a.c.Version - HCANN000001: Hibernate Commons Annotations {5.1.2.Final}
2023-02-23 17:36:05.632 INFO  [restartedMain] o.h.d.Dialect - HHH000400: Using dialect: org.hibernate.dialect.H2Dialect
2023-02-23 17:36:06.002 INFO  [restartedMain] o.h.e.t.j.p.i.JtaPlatformInitiator - HHH000490: Using JtaPlatform implementation: [org.hibernate.engine.transaction.jta.platform.internal.NoJtaPlatform]
2023-02-23 17:36:06.008 INFO  [restartedMain] o.s.o.j.LocalContainerEntityManagerFactoryBean - Initialized JPA EntityManagerFactory for persistence unit 'default'
2023-02-23 17:36:06.278 WARN  [restartedMain] o.s.b.a.o.j.JpaBaseConfiguration$JpaWebConfiguration - spring.jpa.open-in-view is enabled by default. Therefore, database queries may be performed during view rendering. Explicitly configure spring.jpa.open-in-view to disable this warning
2023-02-23 17:36:06.684 INFO  [restartedMain] o.s.b.d.a.OptionalLiveReloadServer - LiveReload server is running on port 35729
2023-02-23 17:36:06.707 INFO  [restartedMain] o.s.b.w.e.t.TomcatWebServer - Tomcat started on port(s): 8080 (http) with context path ''
2023-02-23 17:36:06.716 INFO  [restartedMain] b.c.r.d.DenunciaApplication - Started DenunciaApplication in 2.767 seconds (JVM running for 3.043)
2023-02-23 17:36:28.905 INFO  [http-nio-8080-exec-3] o.a.c.c.C.[.[.[/] - Initializing Spring DispatcherServlet 'dispatcherServlet'
2023-02-23 17:36:28.916 INFO  [http-nio-8080-exec-3] b.c.r.d.c.l.LoggingInterceptor - [eecb7968-12f0-422f-b6a8-c3afac2e5e38] from=denuncia-api method=POST endpoint=/v1/denuncias
2023-02-23 17:36:30.209 INFO  [http-nio-8080-exec-3] b.c.r.d.c.l.LoggingInterceptor - [eecb7968-12f0-422f-b6a8-c3afac2e5e38] status=201 duration=1293ms
2023-02-23 17:37:10.585 INFO  [http-nio-8080-exec-2] b.c.r.d.c.l.LoggingInterceptor - [d2aa9287-1067-4677-9c8a-b0b78a99c0b2] from=denuncia-api method=POST endpoint=/v1/denuncias
2023-02-23 17:37:10.595 WARN  [http-nio-8080-exec-2] o.h.e.j.s.SqlExceptionHelper - SQL Error: 23505, SQLState: 23505
2023-02-23 17:37:10.595 ERROR [http-nio-8080-exec-2] o.h.e.j.s.SqlExceptionHelper - Unique index or primary key violation: "PUBLIC.UK_6ONVI3H2TS412UFROA6Y28LGH_INDEX_9 ON PUBLIC.ENDERECO(CEP NULLS FIRST) VALUES ( /* 1 */ '70702-090' )"; SQL statement:
insert into endereco (id, bairro, cep, cidade, estado, logradouro, pais) values (default, ?, ?, ?, ?, ?, ?) [23505-214]
2023-02-23 17:40:55.608 INFO  [SpringApplicationShutdownHook] o.s.o.j.LocalContainerEntityManagerFactoryBean - Closing JPA EntityManagerFactory for persistence unit 'default'
2023-02-23 17:40:55.813 WARN  [SpringApplicationShutdownHook] o.s.b.f.s.DisposableBeanAdapter - Invocation of destroy method failed on bean with name 'inMemoryDatabaseShutdownExecutor': org.h2.jdbc.JdbcSQLNonTransientConnectionException: Database is already closed (to disable automatic closing at VM shutdown, add ";DB_CLOSE_ON_EXIT=FALSE" to the db URL) [90121-214]
2023-02-23 17:40:55.814 INFO  [SpringApplicationShutdownHook] c.z.h.HikariDataSource - HikariPool-1 - Shutdown initiated...
2023-02-23 17:40:55.817 INFO  [SpringApplicationShutdownHook] c.z.h.HikariDataSource - HikariPool-1 - Shutdown completed.
